[ 2023-04-26 12:02:01,787 ] 20 root - INFO - Starting data ingestion
[ 2023-04-26 12:02:01,787 ] 16 root - INFO - >>>>>>>>>>>>>>>>>>>>>>>>>>>>>>>>>>>>>>>> Data Ingestion <<<<<<<<<<<<<<<<<<<<<<<<<<<<<<<<<<<<<<<<
[ 2023-04-26 12:02:01,787 ] 23 root - INFO - reading csv file as pandas dataframe
[ 2023-04-26 12:02:01,802 ] 20 root - INFO - Reading csv file: C:\Users\Sudeep\Desktop\forest_cover_project\forest_cover.csv
[ 2023-04-26 12:02:02,066 ] 22 root - INFO - Found columns: Index(['Elevation', 'Aspect', 'Slope', 'Horizontal_Distance_To_Hydrology',
       'Vertical_Distance_To_Hydrology', 'Horizontal_Distance_To_Roadways',
       'Hillshade_9am', 'Hillshade_Noon', 'Hillshade_3pm',
       'Horizontal_Distance_To_Fire_Points', 'Wilderness_Area1',
       'Wilderness_Area2', 'Wilderness_Area3', 'Wilderness_Area4',
       'Soil_Type1', 'Soil_Type2', 'Soil_Type3', 'Soil_Type4', 'Soil_Type5',
       'Soil_Type6', 'Soil_Type7', 'Soil_Type8', 'Soil_Type9', 'Soil_Type10',
       'Soil_Type11', 'Soil_Type12', 'Soil_Type13', 'Soil_Type14',
       'Soil_Type15', 'Soil_Type16', 'Soil_Type17', 'Soil_Type18',
       'Soil_Type19', 'Soil_Type20', 'Soil_Type21', 'Soil_Type22',
       'Soil_Type23', 'Soil_Type24', 'Soil_Type25', 'Soil_Type26',
       'Soil_Type27', 'Soil_Type28', 'Soil_Type29', 'Soil_Type30',
       'Soil_Type31', 'Soil_Type32', 'Soil_Type33', 'Soil_Type34',
       'Soil_Type35', 'Soil_Type36', 'Soil_Type37', 'Soil_Type38',
       'Soil_Type39', 'Soil_Type40', 'Cover_Type'],
      dtype='object')
[ 2023-04-26 12:02:02,077 ] 23 root - INFO - Row and columns in df: (15120, 55)
[ 2023-04-26 12:02:02,098 ] 29 root - INFO - Save data in feature store
[ 2023-04-26 12:02:02,098 ] 34 root - INFO - Create feature store folder if not available
[ 2023-04-26 12:02:02,101 ] 38 root - INFO - Save df to feature store folder
[ 2023-04-26 12:02:02,300 ] 43 root - INFO - split dataset into train and test set
[ 2023-04-26 12:02:02,334 ] 47 root - INFO - create dataset directory folder if not available
[ 2023-04-26 12:02:02,335 ] 52 root - INFO - Save df to feature store folder
[ 2023-04-26 12:02:02,530 ] 64 root - INFO - Data ingestion artifact: DataIngestionArtifact(feature_store_file_path='C:\\Users\\Sudeep\\Desktop\\forest_cover_project\\artifact\\04262023__120201\\data_ingestion\\feature_store\\forest_cover.csv', train_file_path='C:\\Users\\Sudeep\\Desktop\\forest_cover_project\\artifact\\04262023__120201\\data_ingestion\\dataset\\train.csv', test_file_path='C:\\Users\\Sudeep\\Desktop\\forest_cover_project\\artifact\\04262023__120201\\data_ingestion\\dataset\\test.csv')
[ 2023-04-26 12:02:02,532 ] 23 root - INFO - Data ingestion completed and artifact: DataIngestionArtifact(feature_store_file_path='C:\\Users\\Sudeep\\Desktop\\forest_cover_project\\artifact\\04262023__120201\\data_ingestion\\feature_store\\forest_cover.csv', train_file_path='C:\\Users\\Sudeep\\Desktop\\forest_cover_project\\artifact\\04262023__120201\\data_ingestion\\dataset\\train.csv', test_file_path='C:\\Users\\Sudeep\\Desktop\\forest_cover_project\\artifact\\04262023__120201\\data_ingestion\\dataset\\test.csv')
[ 2023-04-26 12:02:02,532 ] 22 root - INFO - >>>>>>>>>>>>>>>>>>>>>>>>>>>>>>>>>>>>>>>> Data Validation <<<<<<<<<<<<<<<<<<<<<<<<<<<<<<<<<<<<<<<<
[ 2023-04-26 12:02:02,532 ] 66 root - INFO - Reading train dataframe
[ 2023-04-26 12:02:02,590 ] 68 root - INFO - Reading test dataframe
[ 2023-04-26 12:02:02,621 ] 71 root - INFO - Drop null values colums from train df
[ 2023-04-26 12:02:02,621 ] 45 root - INFO - selecting column name which contains null above to 0.2
[ 2023-04-26 12:02:02,621 ] 48 root - INFO - Columns to drop: []
[ 2023-04-26 12:02:02,637 ] 73 root - INFO - Drop null values colums from test df
[ 2023-04-26 12:02:02,637 ] 45 root - INFO - selecting column name which contains null above to 0.2
[ 2023-04-26 12:02:02,637 ] 48 root - INFO - Columns to drop: []
[ 2023-04-26 12:02:02,637 ] 81 root - INFO - Write reprt in yaml file
[ 2023-04-26 12:02:02,637 ] 86 root - INFO - Data validation artifact: DataValidationArtifact(report_file_path='C:\\Users\\Sudeep\\Desktop\\forest_cover_project\\artifact\\04262023__120201\\data_validation\\report.yaml')
[ 2023-04-26 12:02:02,637 ] 22 root - INFO - >>>>>>>>>>>>>>>>>>>>>>>>>>>>>>>>>>>>>>>> Data Transformation <<<<<<<<<<<<<<<<<<<<<<<<<<<<<<<<<<<<<<<<
[ 2023-04-26 12:02:02,822 ] 50 root - INFO - Entered the save_object method of utils
[ 2023-04-26 12:02:02,822 ] 54 root - INFO - Exited the save_object method of utils
[ 2023-04-26 12:02:02,822 ] 102 root - INFO - Data transformation object DataTransformationArtifact(transformer_object_path='C:\\Users\\Sudeep\\Desktop\\forest_cover_project\\artifact\\04262023__120201\\data_transformation\\transformer\\transformer.pkl', transformed_train_path='C:\\Users\\Sudeep\\Desktop\\forest_cover_project\\artifact\\04262023__120201\\data_transformation\\transformed\\train.npz', transformed_test_path='C:\\Users\\Sudeep\\Desktop\\forest_cover_project\\artifact\\04262023__120201\\data_transformation\\transformed\\test.npz')
[ 2023-04-26 12:02:02,822 ] 18 root - INFO - >>>>>>>>>>>>>>>>>>>>>>>>>>>>>>>>>>>>>>>> Model Trainer <<<<<<<<<<<<<<<<<<<<<<<<<<<<<<<<<<<<<<<<
[ 2023-04-26 12:02:02,822 ] 37 root - INFO - Loading train and test array.
[ 2023-04-26 12:02:02,884 ] 41 root - INFO - Splitting input and target feature from both train and test arr.
[ 2023-04-26 12:02:02,884 ] 45 root - INFO - Train the model
[ 2023-04-26 12:02:37,032 ] 48 root - INFO - Calculating f1 train score
[ 2023-04-26 12:02:37,146 ] 52 root - INFO - Calculating f1 test score
[ 2023-04-26 12:02:37,170 ] 56 root - INFO - train score:0.9452749309241385 and tests score 0.8657206375629329
[ 2023-04-26 12:02:37,170 ] 60 root - INFO - Checking if our model is underfitting or not
[ 2023-04-26 12:02:37,170 ] 65 root - INFO - Checking if our model is overfiiting or not
[ 2023-04-26 12:02:37,170 ] 72 root - INFO - Saving mode object
[ 2023-04-26 12:02:37,170 ] 50 root - INFO - Entered the save_object method of utils
[ 2023-04-26 12:02:37,186 ] 54 root - INFO - Exited the save_object method of utils
[ 2023-04-26 12:02:37,186 ] 76 root - INFO - Prepare the artifact
[ 2023-04-26 12:02:37,186 ] 79 root - INFO - Model trainer artifact: ModelTrainEvalArtifact(model_path='C:\\Users\\Sudeep\\Desktop\\forest_cover_project\\artifact\\04262023__120201\\model_trainer\\model\\model.pkl', f1_train_score=0.9452749309241385, f1_test_score=0.8657206375629329)
[ 2023-04-26 12:03:13,884 ] 20 root - INFO - Starting data ingestion
[ 2023-04-26 12:03:13,884 ] 16 root - INFO - >>>>>>>>>>>>>>>>>>>>>>>>>>>>>>>>>>>>>>>> Data Ingestion <<<<<<<<<<<<<<<<<<<<<<<<<<<<<<<<<<<<<<<<
[ 2023-04-26 12:03:13,884 ] 23 root - INFO - reading csv file as pandas dataframe
[ 2023-04-26 12:03:13,899 ] 29 root - INFO - Save data in feature store
[ 2023-04-26 12:03:13,899 ] 34 root - INFO - Create feature store folder if not available
[ 2023-04-26 12:03:13,901 ] 38 root - INFO - Save df to feature store folder
[ 2023-04-26 12:03:14,247 ] 43 root - INFO - split dataset into train and test set
[ 2023-04-26 12:03:14,260 ] 47 root - INFO - create dataset directory folder if not available
[ 2023-04-26 12:03:14,261 ] 52 root - INFO - Save df to feature store folder
[ 2023-04-26 12:03:14,514 ] 64 root - INFO - Data ingestion artifact: DataIngestionArtifact(feature_store_file_path='C:\\Users\\Sudeep\\Desktop\\forest_cover_project\\artifact\\04262023__120313\\data_ingestion\\feature_store\\forest_cover.csv', train_file_path='C:\\Users\\Sudeep\\Desktop\\forest_cover_project\\artifact\\04262023__120313\\data_ingestion\\dataset\\train.csv', test_file_path='C:\\Users\\Sudeep\\Desktop\\forest_cover_project\\artifact\\04262023__120313\\data_ingestion\\dataset\\test.csv')
[ 2023-04-26 12:03:14,530 ] 23 root - INFO - Data ingestion completed and artifact: DataIngestionArtifact(feature_store_file_path='C:\\Users\\Sudeep\\Desktop\\forest_cover_project\\artifact\\04262023__120313\\data_ingestion\\feature_store\\forest_cover.csv', train_file_path='C:\\Users\\Sudeep\\Desktop\\forest_cover_project\\artifact\\04262023__120313\\data_ingestion\\dataset\\train.csv', test_file_path='C:\\Users\\Sudeep\\Desktop\\forest_cover_project\\artifact\\04262023__120313\\data_ingestion\\dataset\\test.csv')
[ 2023-04-26 12:03:14,530 ] 22 root - INFO - >>>>>>>>>>>>>>>>>>>>>>>>>>>>>>>>>>>>>>>> Data Validation <<<<<<<<<<<<<<<<<<<<<<<<<<<<<<<<<<<<<<<<
[ 2023-04-26 12:03:14,531 ] 66 root - INFO - Reading train dataframe
[ 2023-04-26 12:03:14,605 ] 68 root - INFO - Reading test dataframe
[ 2023-04-26 12:03:14,636 ] 71 root - INFO - Drop null values colums from train df
[ 2023-04-26 12:03:14,652 ] 45 root - INFO - selecting column name which contains null above to 0.2
[ 2023-04-26 12:03:14,652 ] 48 root - INFO - Columns to drop: []
[ 2023-04-26 12:03:14,652 ] 73 root - INFO - Drop null values colums from test df
[ 2023-04-26 12:03:14,652 ] 45 root - INFO - selecting column name which contains null above to 0.2
[ 2023-04-26 12:03:14,652 ] 48 root - INFO - Columns to drop: []
[ 2023-04-26 12:03:14,652 ] 81 root - INFO - Write reprt in yaml file
[ 2023-04-26 12:03:14,652 ] 86 root - INFO - Data validation artifact: DataValidationArtifact(report_file_path='C:\\Users\\Sudeep\\Desktop\\forest_cover_project\\artifact\\04262023__120313\\data_validation\\report.yaml')
[ 2023-04-26 12:03:14,652 ] 22 root - INFO - >>>>>>>>>>>>>>>>>>>>>>>>>>>>>>>>>>>>>>>> Data Transformation <<<<<<<<<<<<<<<<<<<<<<<<<<<<<<<<<<<<<<<<
[ 2023-04-26 12:03:14,820 ] 50 root - INFO - Entered the save_object method of utils
[ 2023-04-26 12:03:14,836 ] 54 root - INFO - Exited the save_object method of utils
[ 2023-04-26 12:03:14,836 ] 102 root - INFO - Data transformation object DataTransformationArtifact(transformer_object_path='C:\\Users\\Sudeep\\Desktop\\forest_cover_project\\artifact\\04262023__120313\\data_transformation\\transformer\\transformer.pkl', transformed_train_path='C:\\Users\\Sudeep\\Desktop\\forest_cover_project\\artifact\\04262023__120313\\data_transformation\\transformed\\train.npz', transformed_test_path='C:\\Users\\Sudeep\\Desktop\\forest_cover_project\\artifact\\04262023__120313\\data_transformation\\transformed\\test.npz')
[ 2023-04-26 12:03:14,836 ] 18 root - INFO - >>>>>>>>>>>>>>>>>>>>>>>>>>>>>>>>>>>>>>>> Model Trainer <<<<<<<<<<<<<<<<<<<<<<<<<<<<<<<<<<<<<<<<
[ 2023-04-26 12:03:14,836 ] 37 root - INFO - Loading train and test array.
[ 2023-04-26 12:03:14,852 ] 41 root - INFO - Splitting input and target feature from both train and test arr.
[ 2023-04-26 12:03:14,852 ] 45 root - INFO - Train the model
[ 2023-04-26 12:03:44,404 ] 48 root - INFO - Calculating f1 train score
[ 2023-04-26 12:03:44,482 ] 52 root - INFO - Calculating f1 test score
[ 2023-04-26 12:03:44,498 ] 56 root - INFO - train score:0.9452749309241385 and tests score 0.8657206375629329
[ 2023-04-26 12:03:44,498 ] 60 root - INFO - Checking if our model is underfitting or not
[ 2023-04-26 12:03:44,498 ] 65 root - INFO - Checking if our model is overfiiting or not
[ 2023-04-26 12:03:44,498 ] 72 root - INFO - Saving mode object
[ 2023-04-26 12:03:44,498 ] 50 root - INFO - Entered the save_object method of utils
[ 2023-04-26 12:03:44,513 ] 54 root - INFO - Exited the save_object method of utils
[ 2023-04-26 12:03:44,513 ] 76 root - INFO - Prepare the artifact
[ 2023-04-26 12:03:44,513 ] 79 root - INFO - Model trainer artifact: ModelTrainEvalArtifact(model_path='C:\\Users\\Sudeep\\Desktop\\forest_cover_project\\artifact\\04262023__120313\\model_trainer\\model\\model.pkl', f1_train_score=0.9452749309241385, f1_test_score=0.8657206375629329)
[ 2023-04-26 12:03:44,531 ] 31 root - INFO - Starting the prediction
[ 2023-04-26 12:03:44,532 ] 26 root - INFO - Reading file :UploadedFile(id=1, name='forest1.csv', type='text/csv', size=3255)
[ 2023-04-26 12:03:44,537 ] 31 root - INFO - Saving the input file
[ 2023-04-26 12:03:44,541 ] 41 root - INFO - Loading transformer to transform dataset
[ 2023-04-26 12:03:44,549 ] 47 root - INFO - Loading model to make prediction
[ 2023-04-26 12:03:44,760 ] 41 root - INFO - Displaying the prediction result in webpage
